2024-05-24 15:38:11.835 [main-32] INFO  Utils.ReadPropertiesUtil.readProperties - 读取项目配置文件
2024-05-24 15:38:46.667 [main-18] ERROR Base.BaseDriver.startBrowser - 打开浏览器出错了org.openqa.selenium.SessionNotCreatedException: session not created: This version of ChromeDriver only supports Chrome version 91
Current browser version is 125.0.6422.113 with binary path /Applications/Google Chrome.app/Contents/MacOS/Google Chrome
Build info: version: '3.141.59', revision: 'e82be7d358', time: '2018-11-14T08:17:03'
System info: host: 'MacBookdeMacBook-Pro-2.local', ip: 'fe80:0:0:0:103c:b75f:37d0:1006%en0', os.name: 'Mac OS X', os.arch: 'x86_64', os.version: '10.16', java.version: '13.0.2'
Driver info: driver.version: BaseDriver
remote stacktrace: 0   chromedriver                        0x0000000105220029 chromedriver + 2740265
1   chromedriver                        0x00000001058d3cd3 chromedriver + 9768147
2   chromedriver                        0x0000000104fafd58 chromedriver + 183640
3   chromedriver                        0x0000000104fd56d6 chromedriver + 337622
4   chromedriver                        0x0000000104fd13c3 chromedriver + 320451
5   chromedriver                        0x0000000104fcda56 chromedriver + 305750
6   chromedriver                        0x0000000105005ed0 chromedriver + 536272
7   chromedriver                        0x0000000105000d63 chromedriver + 515427
8   chromedriver                        0x0000000104fd7901 chromedriver + 346369
9   chromedriver                        0x0000000104fd8b35 chromedriver + 351029
10  chromedriver                        0x00000001051e7b4c chromedriver + 2509644
11  chromedriver                        0x00000001051faa81 chromedriver + 2587265
12  chromedriver                        0x00000001051cd4f1 chromedriver + 2401521
13  chromedriver                        0x00000001051fbe4f chromedriver + 2592335
14  chromedriver                        0x00000001051ddaec chromedriver + 2468588
15  chromedriver                        0x0000000105215358 chromedriver + 2696024
16  chromedriver                        0x00000001052154eb chromedriver + 2696427
17  chromedriver                        0x0000000105224f38 chromedriver + 2760504
18  libsystem_pthread.dylib             0x00007ff80e2c94e1 _pthread_start + 125
19  libsystem_pthread.dylib             0x00007ff80e2c4f6b thread_start + 15

2024-05-24 15:38:46.670 [main-29] INFO  Base.BaseTest.beforeTest - 浏览器启动成功
2024-05-24 15:48:40.679 [main-32] INFO  Utils.ReadPropertiesUtil.readProperties - 读取项目配置文件
2024-05-24 15:48:47.191 [main-15] INFO  Base.BaseDriver.startBrowser - 成功打开谷歌浏览器
2024-05-24 15:48:47.193 [main-29] INFO  Base.BaseTest.beforeTest - 浏览器启动成功
2024-05-24 15:49:35.515 [main-32] INFO  Utils.ReadPropertiesUtil.readProperties - 读取项目配置文件
2024-05-24 15:49:41.668 [main-15] INFO  Base.BaseDriver.startBrowser - 成功打开谷歌浏览器
2024-05-24 15:49:41.683 [main-29] INFO  Base.BaseTest.beforeTest - 浏览器启动成功
2024-05-24 15:52:26.646 [main-32] INFO  Utils.ReadPropertiesUtil.readProperties - 读取项目配置文件
2024-05-24 15:52:32.675 [main-15] INFO  Base.BaseDriver.startBrowser - 成功打开谷歌浏览器
2024-05-24 15:52:32.688 [main-29] INFO  Base.BaseTest.beforeTest - 浏览器启动成功
2024-05-24 15:55:37.998 [main-32] INFO  Utils.ReadPropertiesUtil.readProperties - 读取项目配置文件
2024-05-24 15:55:38.004 [main-26] INFO  Listener.TestLogListener.onStart - ====================登陆成功测试开始====================
2024-05-24 15:55:44.143 [main-15] INFO  Base.BaseDriver.startBrowser - 成功打开谷歌浏览器
2024-05-24 15:55:44.146 [main-29] INFO  Base.BaseTest.beforeTest - 浏览器启动成功
2024-05-24 15:55:44.155 [main-37] INFO  Listener.TestLogListener.onTestStart - ========Case.LoginCase.testLogin测试开始========
2024-05-24 15:56:18.900 [main-59] ERROR Listener.TestLogListener.onTestFailure - ========Case.LoginCase.testLogin测试失败,失败原因如下：
org.openqa.selenium.TimeoutException: Expected condition failed: waiting for presence of element located by: By.xpath: //*[@id='va-cc-fed']/div/div/div/div[2]/ul/li[2] (tried for 10 second(s) with 500 milliseconds interval)========
2024-05-24 15:56:18.906 [main-34] INFO  Utils.ScreenshotUtil.capture - 开始截图
2024-05-24 15:56:19.349 [main-83] INFO  Listener.TestLogListener.onFinish - ====================登陆成功测试结束====================
2024-05-24 15:56:19.357 [main-26] INFO  Listener.TestLogListener.onStart - ====================登陆失败测试开始====================
2024-05-24 15:56:23.811 [main-15] INFO  Base.BaseDriver.startBrowser - 成功打开谷歌浏览器
2024-05-24 15:56:23.826 [main-29] INFO  Base.BaseTest.beforeTest - 浏览器启动成功
2024-05-24 15:56:23.846 [main-37] INFO  Listener.TestLogListener.onTestStart - ========Case.LoginCase.testLoginFail测试开始========
2024-05-24 15:56:47.088 [main-48] INFO  Listener.TestLogListener.onTestSuccess - ========Case.LoginCase.testLoginFail测试通过========
2024-05-24 15:56:47.198 [main-83] INFO  Listener.TestLogListener.onFinish - ====================登陆失败测试结束====================
2024-05-24 15:56:47.201 [main-53] INFO  Listener.ExtentTestReporterListener.generateReport - 开始产生 extentreports 测试报告
